
****** PlanAhead v14.7
  **** Build 321239 by xbuild on Fri Sep 27 19:31:35 MDT 2013
    ** Copyright 1986-1999, 2001-2013 Xilinx, Inc. All Rights Reserved.

INFO: [Common 17-78] Attempting to get a license: PlanAhead
INFO: [Common 17-290] Got license for PlanAhead
INFO: [Common 17-86] Your PlanAhead license expires in -313 day(s)
INFO: [Device 21-36] Loading parts and site information from C:/Xilinx/14.7/ISE_DS/PlanAhead/data/parts/arch.xml
Parsing RTL primitives file [C:/Xilinx/14.7/ISE_DS/PlanAhead/data/parts/xilinx/rtl/prims/rtl_prims.xml]
Finished parsing RTL primitives file [C:/Xilinx/14.7/ISE_DS/PlanAhead/data/parts/xilinx/rtl/prims/rtl_prims.xml]
start_gui
source C:/work/cpu/uart/pa.fromNetlist.tcl
# create_project -name uart -dir "C:/work/cpu/uart/planAhead_run_3" -part xc3s1200efg320-4
# set_property design_mode GateLvl [get_property srcset [current_run -impl]]
# set_property edif_top_file "C:/work/cpu/uart/uart.ngc" [ get_property srcset [ current_run ] ]
# add_files -norecurse { {C:/work/cpu/uart} }
# set_param project.pinAheadLayout  yes
# set_property target_constrs_file "uart.ucf" [current_fileset -constrset]
Adding file 'C:/work/cpu/uart/uart.ucf' to fileset 'constrs_1'
# add_files [list {uart.ucf}] -fileset [get_property constrset [current_run]]
# link_design
Design is defaulting to srcset: sources_1
Design is defaulting to constrset: constrs_1
Design is defaulting to project part: xc3s1200efg320-4
Release 14.7 - ngc2edif P.20131013 (nt)
Copyright (c) 1995-2013 Xilinx, Inc.  All rights reserved.

Release 14.7 - ngc2edif P.20131013 (nt)
Copyright (c) 1995-2013 Xilinx, Inc.  All rights reserved.
Reading design uart.ngc ...
WARNING:NetListWriters:298 - No output is written to uart.xncf, ignored.
Processing design ...
   Preping design's networks ...
   Preping design's macros ...
  finished :Prep
Writing EDIF netlist file uart.edif ...
ngc2edif: Total memory usage is 115208 kilobytes

Parsing EDIF File [./planAhead_run_3/uart.data/cache/uart_ngc_zx.edif]
Finished Parsing EDIF File [./planAhead_run_3/uart.data/cache/uart_ngc_zx.edif]
INFO: [Designutils 20-910] Reading macro library C:/Xilinx/14.7/ISE_DS/PlanAhead/data\./parts/xilinx/spartan3e/spartan3e/hd_int_macros.edn
Parsing EDIF File [C:/Xilinx/14.7/ISE_DS/PlanAhead/data\./parts/xilinx/spartan3e/spartan3e/hd_int_macros.edn]
Finished Parsing EDIF File [C:/Xilinx/14.7/ISE_DS/PlanAhead/data\./parts/xilinx/spartan3e/spartan3e/hd_int_macros.edn]
Loading clock regions from C:/Xilinx/14.7/ISE_DS/PlanAhead/data\parts/xilinx/spartan3e/spartan3e/xc3s1200e/ClockRegion.xml
Loading clock buffers from C:/Xilinx/14.7/ISE_DS/PlanAhead/data\parts/xilinx/spartan3e/spartan3e/xc3s1200e/ClockBuffers.xml
Loading package from C:/Xilinx/14.7/ISE_DS/PlanAhead/data\parts/xilinx/spartan3e/spartan3e/xc3s1200e/fg320/Package.xml
Loading io standards from C:/Xilinx/14.7/ISE_DS/PlanAhead/data\./parts/xilinx/spartan3e/IOStandards.xml
INFO: [Device 21-19] Loading pkg sso from C:/Xilinx/14.7/ISE_DS/PlanAhead/data\parts/xilinx/spartan3e/spartan3e/xc3s1200e/fg320/SSORules.xml
Loading list of drcs for the architecture : C:/Xilinx/14.7/ISE_DS/PlanAhead/data\./parts/xilinx/spartan3e/spartan3e/drc.xml
INFO: [Timing 38-77] Reading timing library C:/Xilinx/14.7/ISE_DS/PlanAhead/data\parts/xilinx/spartan3e/spartan3e/spartan3e-4.lib.
INFO: [Timing 38-34] Done reading timing library C:/Xilinx/14.7/ISE_DS/PlanAhead/data\parts/xilinx/spartan3e/spartan3e/spartan3e-4.lib.
Parsing UCF File [C:/work/cpu/uart/uart.ucf]
Finished Parsing UCF File [C:/work/cpu/uart/uart.ucf]
INFO: [Project 1-111] Unisim Transformation Summary:
No Unisim elements were transformed.

Phase 0 | Netlist Checksum: 0f16db08
link_design: Time (s): elapsed = 00:00:18 . Memory (MB): peak = 514.945 ; gain = 94.762
startgroup
set_property package_pin C7 [get_ports {led[6]}]
endgroup
startgroup
set_property package_pin D7 [get_ports {led[5]}]
endgroup
startgroup
set_property package_pin E7 [get_ports {led[4]}]
endgroup
startgroup
set_property package_pin F7 [get_ports {led[3]}]
endgroup
startgroup
set_property package_pin A8 [get_ports {led[2]}]
endgroup
startgroup
set_property package_pin E8 [get_ports {led[1]}]
endgroup
startgroup
set_property package_pin F8 [get_ports {led[0]}]
endgroup
save_constraints
exit
ERROR: [Common 17-39] 'stop_gui' failed due to earlier errors.
INFO: [Common 17-206] Exiting PlanAhead at Thu Nov 09 00:07:27 2017...
INFO: [Common 17-83] Releasing license: PlanAhead
