#-----------------------------------------------------------
# PlanAhead v14.7
# Build 321239 by xbuild on Fri Sep 27 19:31:35 MDT 2013
# Start of session at: Wed Nov 08 22:23:42 2017
# Process ID: 6992
# Log file: C:/work/cpu/pa2/planAhead_run_2/planAhead.log
# Journal file: C:/work/cpu/pa2/planAhead_run_2/planAhead.jou
#-----------------------------------------------------------
INFO: [Common 17-78] Attempting to get a license: PlanAhead
INFO: [Common 17-290] Got license for PlanAhead
INFO: [Common 17-86] Your PlanAhead license expires in -312 day(s)
INFO: [Device 21-36] Loading parts and site information from C:/Xilinx/14.7/ISE_DS/PlanAhead/data/parts/arch.xml
Parsing RTL primitives file [C:/Xilinx/14.7/ISE_DS/PlanAhead/data/parts/xilinx/rtl/prims/rtl_prims.xml]
Finished parsing RTL primitives file [C:/Xilinx/14.7/ISE_DS/PlanAhead/data/parts/xilinx/rtl/prims/rtl_prims.xml]
start_gui
source C:/work/cpu/pa2/pa.fromNetlist.tcl
# create_project -name pa2 -dir "C:/work/cpu/pa2/planAhead_run_2" -part xc3s1200efg320-4
# set_property design_mode GateLvl [get_property srcset [current_run -impl]]
# set_property edif_top_file "C:/work/cpu/pa2/ramController.ngc" [ get_property srcset [ current_run ] ]
# add_files -norecurse { {C:/work/cpu/pa2} }
# set_param project.pinAheadLayout  yes
# set_property target_constrs_file "ramController.ucf" [current_fileset -constrset]
Adding file 'C:/work/cpu/pa2/ramController.ucf' to fileset 'constrs_1'
# add_files [list {ramController.ucf}] -fileset [get_property constrset [current_run]]
# link_design
Design is defaulting to srcset: sources_1
Design is defaulting to constrset: constrs_1
Design is defaulting to project part: xc3s1200efg320-4
Release 14.7 - ngc2edif P.20131013 (nt)
Copyright (c) 1995-2013 Xilinx, Inc.  All rights reserved.

Release 14.7 - ngc2edif P.20131013 (nt)
Copyright (c) 1995-2013 Xilinx, Inc.  All rights reserved.
Reading design ramController.ngc ...
WARNING:NetListWriters:298 - No output is written to ramController.xncf,
   ignored.
Processing design ...
   Preping design's networks ...
   Preping design's macros ...
WARNING:NetListWriters:306 - Signal bus Madd__old_addr1_3_cy<16 : 0> on block
   ramController is not reconstructed, because there are some missing bus
   signals.
  finished :Prep
Writing EDIF netlist file ramController.edif ...
ngc2edif: Total memory usage is 114760 kilobytes

Parsing EDIF File [./planAhead_run_2/pa2.data/cache/ramController_ngc_zx.edif]
Finished Parsing EDIF File [./planAhead_run_2/pa2.data/cache/ramController_ngc_zx.edif]
INFO: [Designutils 20-910] Reading macro library C:/Xilinx/14.7/ISE_DS/PlanAhead/data\./parts/xilinx/spartan3e/spartan3e/hd_int_macros.edn
Parsing EDIF File [C:/Xilinx/14.7/ISE_DS/PlanAhead/data\./parts/xilinx/spartan3e/spartan3e/hd_int_macros.edn]
Finished Parsing EDIF File [C:/Xilinx/14.7/ISE_DS/PlanAhead/data\./parts/xilinx/spartan3e/spartan3e/hd_int_macros.edn]
Loading clock regions from C:/Xilinx/14.7/ISE_DS/PlanAhead/data\parts/xilinx/spartan3e/spartan3e/xc3s1200e/ClockRegion.xml
Loading clock buffers from C:/Xilinx/14.7/ISE_DS/PlanAhead/data\parts/xilinx/spartan3e/spartan3e/xc3s1200e/ClockBuffers.xml
Loading package from C:/Xilinx/14.7/ISE_DS/PlanAhead/data\parts/xilinx/spartan3e/spartan3e/xc3s1200e/fg320/Package.xml
Loading io standards from C:/Xilinx/14.7/ISE_DS/PlanAhead/data\./parts/xilinx/spartan3e/IOStandards.xml
INFO: [Device 21-19] Loading pkg sso from C:/Xilinx/14.7/ISE_DS/PlanAhead/data\parts/xilinx/spartan3e/spartan3e/xc3s1200e/fg320/SSORules.xml
Loading list of drcs for the architecture : C:/Xilinx/14.7/ISE_DS/PlanAhead/data\./parts/xilinx/spartan3e/spartan3e/drc.xml
INFO: [Timing 38-77] Reading timing library C:/Xilinx/14.7/ISE_DS/PlanAhead/data\parts/xilinx/spartan3e/spartan3e/spartan3e-4.lib.
INFO: [Timing 38-34] Done reading timing library C:/Xilinx/14.7/ISE_DS/PlanAhead/data\parts/xilinx/spartan3e/spartan3e/spartan3e-4.lib.
Parsing UCF File [C:/work/cpu/pa2/ramController.ucf]
Finished Parsing UCF File [C:/work/cpu/pa2/ramController.ucf]
INFO: [Project 1-111] Unisim Transformation Summary:
No Unisim elements were transformed.

Phase 0 | Netlist Checksum: 9171ad10
link_design: Time (s): elapsed = 00:00:19 . Memory (MB): peak = 469.043 ; gain = 59.668
startgroup
set_property package_pin J6 [get_ports {data[15]}]
endgroup
startgroup
set_property package_pin J7 [get_ports {data[14]}]
endgroup
startgroup
set_property package_pin K2 [get_ports {data[13]}]
endgroup
startgroup
set_property package_pin K7 [get_ports {data[12]}]
endgroup
startgroup
set_property package_pin M1 [get_ports {data[11]}]
endgroup
startgroup
set_property package_pin N1 [get_ports {data[10]}]
endgroup
startgroup
set_property package_pin N2 [get_ports {data[9]}]
endgroup
startgroup
set_property package_pin R1 [get_ports {data[8]}]
endgroup
startgroup
set_property package_pin R4 [get_ports {data[7]}]
endgroup
startgroup
set_property package_pin U1 [get_ports {data[6]}]
endgroup
startgroup
set_property package_pin V2 [get_ports {data[5]}]
endgroup
startgroup
set_property package_pin V3 [get_ports {data[4]}]
endgroup
startgroup
set_property package_pin V4 [get_ports {data[3]}]
endgroup
startgroup
set_property package_pin U8 [get_ports {data[2]}]
endgroup
startgroup
set_property package_pin R7 [get_ports {data[1]}]
endgroup
startgroup
set_property package_pin T7 [get_ports {data[0]}]
endgroup
startgroup
set_property package_pin H17 [get_ports {Ram1Addr[17]}]
endgroup
startgroup
set_property package_pin H16 [get_ports {Ram1Addr[16]}]
endgroup
startgroup
set_property package_pin H15 [get_ports {Ram1Addr[15]}]
endgroup
startgroup
set_property package_pin H14 [get_ports {Ram1Addr[14]}]
endgroup
startgroup
set_property package_pin G15 [get_ports {Ram1Addr[13]}]
endgroup
set_property package_pin "" [get_ports [list  {Ram1Addr[12]}]]
startgroup
set_property package_pin G16 [get_ports {Ram1Addr[13]}]
endgroup
startgroup
set_property package_pin G15 [get_ports {Ram1Addr[12]}]
endgroup
startgroup
set_property package_pin G14 [get_ports {Ram1Addr[11]}]
endgroup
startgroup
set_property package_pin G13 [get_ports {Ram1Addr[10]}]
endgroup
startgroup
set_property package_pin F18 [get_ports {Ram1Addr[9]}]
endgroup
startgroup
set_property package_pin F17 [get_ports {Ram1Addr[8]}]
endgroup
startgroup
set_property package_pin F15 [get_ports {Ram1Addr[7]}]
endgroup
startgroup
set_property package_pin F14 [get_ports {Ram1Addr[6]}]
endgroup
startgroup
set_property package_pin E16 [get_ports {Ram1Addr[5]}]
endgroup
startgroup
set_property package_pin E15 [get_ports {Ram1Addr[4]}]
endgroup
startgroup
set_property package_pin D17 [get_ports {Ram1Addr[3]}]
endgroup
set_property package_pin "" [get_ports [list  {Ram1Addr[2]}]]
startgroup
set_property package_pin D16 [get_ports {Ram1Addr[2]}]
endgroup
startgroup
set_property package_pin C18 [get_ports {Ram1Addr[1]}]
endgroup
startgroup
set_property package_pin C17 [get_ports {Ram1Addr[0]}]
endgroup
startgroup
set_property package_pin M14 [get_ports {Ram1Data[15]}]
endgroup
startgroup
set_property package_pin M13 [get_ports {Ram1Data[14]}]
endgroup
startgroup
set_property package_pin L18 [get_ports {Ram1Data[13]}]
endgroup
startgroup
set_property package_pin L17 [get_ports {Ram1Data[12]}]
endgroup
startgroup
set_property package_pin L16 [get_ports {Ram1Data[11]}]
endgroup
startgroup
set_property package_pin L15 [get_ports {Ram1Data[10]}]
endgroup
startgroup
set_property package_pin K15 [get_ports {Ram1Data[9]}]
endgroup
startgroup
set_property package_pin K15 [get_ports {Ram1Data[9]}]
endgroup
startgroup
set_property package_pin K14 [get_ports {Ram1Data[8]}]
endgroup
startgroup
set_property package_pin K13 [get_ports {Ram1Data[7]}]
endgroup
startgroup
set_property package_pin K12 [get_ports {Ram1Data[6]}]
endgroup
startgroup
set_property package_pin J17 [get_ports {Ram1Data[5]}]
endgroup
startgroup
set_property package_pin J16 [get_ports {Ram1Data[4]}]
endgroup
startgroup
set_property package_pin J15 [get_ports {Ram1Data[3]}]
endgroup
startgroup
set_property package_pin J14 [get_ports {Ram1Data[2]}]
endgroup
startgroup
set_property package_pin J13 [get_ports {Ram1Data[1]}]
endgroup
startgroup
set_property package_pin J12 [get_ports {Ram1Data[0]}]
endgroup
startgroup
set_property package_pin U15 [get_ports {Ram2Addr[17]}]
endgroup
startgroup
set_property package_pin U16 [get_ports {Ram2Addr[16]}]
endgroup
startgroup
set_property package_pin V9 [get_ports {Ram2Addr[15]}]
endgroup
startgroup
set_property package_pin V12 [get_ports {Ram2Addr[14]}]
endgroup
startgroup
set_property package_pin V13 [get_ports {Ram2Addr[13]}]
endgroup
startgroup
set_property package_pin V15 [get_ports {Ram2Addr[12]}]
endgroup
startgroup
set_property package_pin U18 [get_ports {Ram2Addr[11]}]
endgroup
startgroup
set_property package_pin T18 [get_ports {Ram2Addr[10]}]
endgroup
startgroup
set_property package_pin T17 [get_ports {Ram2Addr[9]}]
endgroup
startgroup
set_property package_pin R18 [get_ports {Ram2Addr[8]}]
endgroup
startgroup
set_property package_pin R16 [get_ports {Ram2Addr[7]}]
endgroup
startgroup
set_property package_pin R15 [get_ports {Ram2Addr[6]}]
endgroup
startgroup
set_property package_pin P18 [get_ports {Ram2Addr[5]}]
endgroup
startgroup
set_property package_pin P17 [get_ports {Ram2Addr[4]}]
endgroup
startgroup
set_property package_pin P16 [get_ports {Ram2Addr[3]}]
endgroup
startgroup
set_property package_pin N18 [get_ports {Ram2Addr[2]}]
endgroup
startgroup
set_property package_pin N15 [get_ports {Ram2Addr[1]}]
endgroup
startgroup
set_property package_pin N15 [get_ports {Ram2Addr[1]}]
endgroup
startgroup
set_property package_pin B14 [get_ports {Ram2Addr[0]}]
endgroup
startgroup
set_property package_pin N14 [get_ports {Ram2Addr[0]}]
endgroup
startgroup
set_property package_pin N11 [get_ports {Ram2Data[15]}]
endgroup
startgroup
set_property package_pin N12 [get_ports {Ram2Data[14]}]
endgroup
startgroup
set_property package_pin P10 [get_ports {Ram2Data[13]}]
endgroup
startgroup
set_property package_pin P11 [get_ports {Ram2Data[12]}]
endgroup
startgroup
set_property package_pin P12 [get_ports {Ram2Data[11]}]
endgroup
startgroup
set_property package_pin P13 [get_ports {Ram2Data[10]}]
endgroup
startgroup
set_property package_pin R10 [get_ports {Ram2Data[9]}]
endgroup
startgroup
set_property package_pin R11 [get_ports {Ram2Data[8]}]
endgroup
startgroup
set_property package_pin R12 [get_ports {Ram2Data[7]}]
endgroup
startgroup
set_property package_pin R14 [get_ports {Ram2Data[6]}]
endgroup
startgroup
set_property package_pin R13 [get_ports {Ram2Data[5]}]
endgroup
startgroup
set_property package_pin T12 [get_ports {Ram2Data[4]}]
endgroup
startgroup
set_property package_pin T14 [get_ports {Ram2Data[3]}]
endgroup
startgroup
set_property package_pin T15 [get_ports {Ram2Data[2]}]
endgroup
startgroup
set_property package_pin T16 [get_ports {Ram2Data[1]}]
endgroup
startgroup
set_property package_pin U13 [get_ports {Ram2Data[0]}]
endgroup
startgroup
set_property package_pin C7 [get_ports {led1[6]}]
endgroup
startgroup
set_property package_pin D7 [get_ports {led1[5]}]
endgroup
startgroup
set_property package_pin E7 [get_ports {led1[4]}]
endgroup
startgroup
set_property package_pin F7 [get_ports {led1[3]}]
endgroup
startgroup
set_property package_pin A8 [get_ports {led1[2]}]
endgroup
startgroup
set_property package_pin E8 [get_ports {led1[1]}]
endgroup
startgroup
set_property package_pin F8 [get_ports {led1[0]}]
endgroup
startgroup
set_property package_pin C9 [get_ports {led2[6]}]
endgroup
startgroup
set_property package_pin D9 [get_ports {led2[5]}]
endgroup
startgroup
set_property package_pin E9 [get_ports {led2[4]}]
endgroup
startgroup
set_property package_pin F9 [get_ports {led2[3]}]
endgroup
startgroup
set_property package_pin G9 [get_ports {led2[2]}]
endgroup
startgroup
set_property package_pin A10 [get_ports {led2[1]}]
endgroup
startgroup
set_property package_pin B10 [get_ports {led2[0]}]
endgroup
save_constraints
exit
ERROR: [PlanAhead 12-106] *** Exception: ui.h.b: Found deleted key in HTclEventBroker. Verify if the classes listed here call cleanup()
HTclEvent: SIGNAL_BUS_MODIFY   Classes: ui.views.aR 
HTclEvent: DEBUG_CORE_CONFIG_CHANGE   Classes: ui.views.aR 
HTclEvent: SIGNAL_MODIFY   Classes: ui.views.aR 
HTclEvent: DEBUG_PORT_CONFIG_CHANGE   Classes: ui.views.aR 
 (See C:/work/cpu/pa2\planAhead_pid6992.debug)
ERROR: [Common 17-39] 'stop_gui' failed due to earlier errors.
INFO: [Common 17-206] Exiting PlanAhead at Wed Nov 08 23:08:31 2017...
INFO: [Common 17-83] Releasing license: PlanAhead
