0000
0000
0800
1044
0800
0800
0800
0800
6EBF
36C0
4E10
DE00
DE21
DE42
9100
6301
68FF
E90C
9200
6301
63FF
D300
63FF
D700
6B0F
EF40
4F03
0800
108A
0800
6EBF
36C0
DE60
0800
EF40
4F03
0800
1081
0800
6EBF
36C0
DE20
0800
6B0F
EF40
4F03
0800
1077
0800
6EBF
36C0
DE60
0800
42C0
F300
6880
3000
EB0D
6FBF
37E0
4F10
9F00
9F21
9F42
9700
6301
6301
0800
F301
EE00
93FF
0800
6807
F001
68BF
3000
4810
6400
0800
6EBF
36C0
4E10
6800
DE00
DE01
DE02
DE03
DE04
DE05
EF40
4F03
0800
104A
6EBF
36C0
684F
DE00
0800
EF40
4F03
0800
1041
6EBF
36C0
684B
DE00
0800
EF40
4F03
0800
1038
6EBF
36C0
680A
DE00
0800
EF40
4F03
0800
102F
6EBF
36C0
680D
DE00
0800
EF40
4F03
0800
1031
0800
6EBF
36C0
9E20
6EFF
E9CC
0800
6852
E82A
6032
0800
6844
E82A
604D
0800
6841
E82A
600E
0800
6855
E82A
6007
0800
6847
E82A
6009
0800
17E0
0800
0800
10C0
0800
0800
1082
0800
0800
1103
0800
0800
6EBF
36C0
4E01
9E00
6E01
E8CC
20F8
0800
EF00
0800
0800
6EBF
36C0
4E01
9E00
6E02
E8CC
20F8
0800
EF00
0800
6906
6A06
68BF
3000
4810
E22F
E061
9860
EF40
4F03
0800
17DE
0800
6EBF
36C0
DE60
3363
EF40
4F03
0800
17D5
0800
6EBF
36C0
DE60
49FF
0800
29E6
0800
17A2
0800
EF40
4F03
0800
17D2
0800
6EBF
36C0
9EA0
6EFF
EDCC
0800
EF40
4F03
0800
17C7
0800
6EBF
36C0
9E20
6EFF
E9CC
0800
3120
E9AD
EF40
4F03
0800
17BA
0800
6EBF
36C0
9EA0
6EFF
EDCC
0800
EF40
4F03
0800
17AF
0800
6EBF
36C0
9E40
6EFF
EACC
0800
3240
EAAD
9960
EF40
4F03
0800
1796
0800
6EBF
36C0
DE60
3363
EF40
4F03
0800
178D
0800
6EBF
36C0
DE60
4901
4AFF
0800
2AEA
0800
1759
0800
EF40
4F03
0800
1789
0800
6EBF
36C0
9EA0
6EFF
EDCC
0800
EF40
4F03
0800
177E
0800
6EBF
36C0
9E20
6EFF
E9CC
0800
3120
E9AD
6800
E82A
601D
0800
EF40
4F03
0800
176D
0800
6EBF
36C0
9EA0
6EFF
EDCC
0800
EF40
4F03
0800
1762
0800
6EBF
36C0
9E40
6EFF
EACC
0800
3240
EAAD
D940
0800
17C9
0800
0800
171E
0800
EF40
4F03
0800
174E
0800
6EBF
36C0
9EA0
6EFF
EDCC
0800
EF40
4F03
0800
1743
0800
6EBF
36C0
9E20
6EFF
E9CC
0800
3120
E9AD
EF40
4F03
0800
1736
0800
6EBF
36C0
9EA0
6EFF
EDCC
0800
EF40
4F03
0800
172B
0800
6EBF
36C0
9E40
6EFF
EACC
0800
3240
EAAD
9960
EF40
4F03
0800
1712
0800
6EBF
36C0
DE60
3363
EF40
4F03
0800
1709
0800
6EBF
36C0
DE60
4901
4AFF
0800
2AEA
0800
16D5
0800
EF40
4F03
0800
1705
0800
6EBF
36C0
9EA0
6EFF
EDCC
0800
EF40
4F03
0800
16FA
0800
6EBF
36C0
9E40
6EFF
EACC
0800
3240
EAAD
42C0
6FBF
37E0
4F10
9FA5
63FF
D500
F500
6980
3120
ED2D
9F00
9F21
9F42
9F63
9F84
EF40
4F04
F501
EE00
9500
0800
0800
6301
6FBF
37E0
4F10
DF00
DF21
DF42
DF63
DF84
DFA5
F000
697F
3120
6AFF
E94D
E82C
F001
6907
EF40
4F03
0800
16B9
0800
6EBF
36C0
DE20
168A
0800
