
****** PlanAhead v14.7
  **** Build 321239 by xbuild on Fri Sep 27 19:31:35 MDT 2013
    ** Copyright 1986-1999, 2001-2013 Xilinx, Inc. All Rights Reserved.

INFO: [Common 17-78] Attempting to get a license: PlanAhead
INFO: [Common 17-290] Got license for PlanAhead
INFO: [Common 17-86] Your PlanAhead license expires in -312 day(s)
INFO: [Device 21-36] Loading parts and site information from C:/Xilinx/14.7/ISE_DS/PlanAhead/data/parts/arch.xml
Parsing RTL primitives file [C:/Xilinx/14.7/ISE_DS/PlanAhead/data/parts/xilinx/rtl/prims/rtl_prims.xml]
Finished parsing RTL primitives file [C:/Xilinx/14.7/ISE_DS/PlanAhead/data/parts/xilinx/rtl/prims/rtl_prims.xml]
start_gui
source C:/work/cpu/uart/pa.fromNetlist.tcl
# create_project -name uart -dir "C:/work/cpu/uart/planAhead_run_2" -part xc3s1200efg320-4
# set_property design_mode GateLvl [get_property srcset [current_run -impl]]
# set_property edif_top_file "C:/work/cpu/uart/uart.ngc" [ get_property srcset [ current_run ] ]
# add_files -norecurse { {C:/work/cpu/uart} }
# set_param project.pinAheadLayout  yes
# set_property target_constrs_file "uart.ucf" [current_fileset -constrset]
Adding file 'C:/work/cpu/uart/uart.ucf' to fileset 'constrs_1'
# add_files [list {uart.ucf}] -fileset [get_property constrset [current_run]]
# link_design
Design is defaulting to srcset: sources_1
Design is defaulting to constrset: constrs_1
Design is defaulting to project part: xc3s1200efg320-4
Release 14.7 - ngc2edif P.20131013 (nt)
Copyright (c) 1995-2013 Xilinx, Inc.  All rights reserved.

Release 14.7 - ngc2edif P.20131013 (nt)
Copyright (c) 1995-2013 Xilinx, Inc.  All rights reserved.
Reading design uart.ngc ...
WARNING:NetListWriters:298 - No output is written to uart.xncf, ignored.
Processing design ...
   Preping design's networks ...
   Preping design's macros ...
  finished :Prep
Writing EDIF netlist file uart.edif ...
ngc2edif: Total memory usage is 115400 kilobytes

Parsing EDIF File [./planAhead_run_2/uart.data/cache/uart_ngc_zx.edif]
Finished Parsing EDIF File [./planAhead_run_2/uart.data/cache/uart_ngc_zx.edif]
INFO: [Designutils 20-910] Reading macro library C:/Xilinx/14.7/ISE_DS/PlanAhead/data\./parts/xilinx/spartan3e/spartan3e/hd_int_macros.edn
Parsing EDIF File [C:/Xilinx/14.7/ISE_DS/PlanAhead/data\./parts/xilinx/spartan3e/spartan3e/hd_int_macros.edn]
Finished Parsing EDIF File [C:/Xilinx/14.7/ISE_DS/PlanAhead/data\./parts/xilinx/spartan3e/spartan3e/hd_int_macros.edn]
Loading clock regions from C:/Xilinx/14.7/ISE_DS/PlanAhead/data\parts/xilinx/spartan3e/spartan3e/xc3s1200e/ClockRegion.xml
Loading clock buffers from C:/Xilinx/14.7/ISE_DS/PlanAhead/data\parts/xilinx/spartan3e/spartan3e/xc3s1200e/ClockBuffers.xml
Loading package from C:/Xilinx/14.7/ISE_DS/PlanAhead/data\parts/xilinx/spartan3e/spartan3e/xc3s1200e/fg320/Package.xml
Loading io standards from C:/Xilinx/14.7/ISE_DS/PlanAhead/data\./parts/xilinx/spartan3e/IOStandards.xml
INFO: [Device 21-19] Loading pkg sso from C:/Xilinx/14.7/ISE_DS/PlanAhead/data\parts/xilinx/spartan3e/spartan3e/xc3s1200e/fg320/SSORules.xml
Loading list of drcs for the architecture : C:/Xilinx/14.7/ISE_DS/PlanAhead/data\./parts/xilinx/spartan3e/spartan3e/drc.xml
INFO: [Timing 38-77] Reading timing library C:/Xilinx/14.7/ISE_DS/PlanAhead/data\parts/xilinx/spartan3e/spartan3e/spartan3e-4.lib.
INFO: [Timing 38-34] Done reading timing library C:/Xilinx/14.7/ISE_DS/PlanAhead/data\parts/xilinx/spartan3e/spartan3e/spartan3e-4.lib.
Parsing UCF File [C:/work/cpu/uart/uart.ucf]
Finished Parsing UCF File [C:/work/cpu/uart/uart.ucf]
INFO: [Project 1-111] Unisim Transformation Summary:
No Unisim elements were transformed.

Phase 0 | Netlist Checksum: 5f0c3980
link_design: Time (s): elapsed = 00:00:18 . Memory (MB): peak = 471.285 ; gain = 54.320
startgroup
set_property package_pin U9 [get_ports CLK]
endgroup
startgroup
set_property package_pin A16 [get_ports data_ready]
endgroup
startgroup
set_property package_pin M15 [get_ports Ram1EN]
endgroup
startgroup
set_property package_pin M16 [get_ports Ram1OE]
endgroup
startgroup
set_property package_pin M18 [get_ports Ram1WE]
endgroup
startgroup
set_property package_pin C14 [get_ports rdn]
endgroup
startgroup
set_property package_pin U10 [get_ports RST]
endgroup
startgroup
set_property package_pin D14 [get_ports tbre]
endgroup
startgroup
set_property package_pin N9 [get_ports tsre]
endgroup
startgroup
set_property package_pin U5 [get_ports wrn]
endgroup
startgroup
set_property package_pin F11 [get_ports {light[7]}]
endgroup
startgroup
set_property package_pin E11 [get_ports {light[6]}]
endgroup
startgroup
set_property package_pin D11 [get_ports {light[5]}]
endgroup
startgroup
set_property package_pin C11 [get_ports {light[4]}]
endgroup
startgroup
set_property package_pin B11 [get_ports {light[3]}]
endgroup
startgroup
set_property package_pin A11 [get_ports {light[2]}]
endgroup
startgroup
set_property package_pin E10 [get_ports {light[1]}]
endgroup
startgroup
set_property package_pin D10 [get_ports {light[0]}]
endgroup
startgroup
set_property package_pin J6 [get_ports {input_data[7]}]
endgroup
startgroup
set_property package_pin J7 [get_ports {input_data[6]}]
endgroup
startgroup
set_property package_pin K2 [get_ports {input_data[5]}]
endgroup
startgroup
set_property package_pin K7 [get_ports {input_data[4]}]
endgroup
startgroup
set_property package_pin M1 [get_ports {input_data[3]}]
endgroup
startgroup
set_property package_pin N1 [get_ports {input_data[2]}]
endgroup
startgroup
set_property package_pin N2 [get_ports {input_data[1]}]
endgroup
startgroup
set_property package_pin R1 [get_ports {input_data[0]}]
endgroup
startgroup
set_property package_pin R4 [get_ports {input_data[8]}]
endgroup
set_property package_pin "" [get_ports [list  {Ram1Data[0]}]]
startgroup
set_property package_pin K13 [get_ports {Ram1Data[7]}]
endgroup
startgroup
set_property package_pin K12 [get_ports {Ram1Data[6]}]
endgroup
startgroup
set_property package_pin J17 [get_ports {Ram1Data[5]}]
endgroup
startgroup
set_property package_pin J16 [get_ports {Ram1Data[4]}]
endgroup
startgroup
set_property package_pin J15 [get_ports {Ram1Data[3]}]
endgroup
startgroup
set_property package_pin J14 [get_ports {Ram1Data[2]}]
endgroup
startgroup
set_property package_pin J13 [get_ports {Ram1Data[1]}]
endgroup
startgroup
set_property package_pin J12 [get_ports {Ram1Data[0]}]
endgroup
save_constraints
exit
ERROR: [Common 17-39] 'stop_gui' failed due to earlier errors.
INFO: [Common 17-206] Exiting PlanAhead at Thu Nov 09 00:02:27 2017...
INFO: [Common 17-83] Releasing license: PlanAhead
